<?xml version="1.0" encoding="UTF-8"?>
<!-- Generated by org.testng.reporters.JUnitReportReporter -->
<testsuite hostname="DESKTOP-4IM3C73" failures="0" tests="2" name="com.demowebshop.testscripts.AddtoCartTest" time="48.544" errors="0" timestamp="2024-02-21T17:43:00 IST" skipped="0">
  <testcase classname="com.demowebshop.testscripts.AddtoCartTest" name="TC_ShoppingCart_001" time="13.982"/>
  <testcase classname="com.demowebshop.testscripts.AddtoCartTest" name="TC_ShoppingCart_001" time="34.562">
    <system-out>
      <![CDATA[User not logged in]]>
    </system-out>
  </testcase> <!-- TC_ShoppingCart_001 -->
  <system-out>
    <![CDATA[User not logged in]]>
  </system-out>
</testsuite> <!-- com.demowebshop.testscripts.AddtoCartTest -->
