<?xml version="1.0" encoding="UTF-8"?>
<!-- Generated by org.testng.reporters.JUnitReportReporter -->
<testsuite hostname="DESKTOP-4IM3C73" failures="0" tests="4" name="com.demowebshop.testscripts.LoginTest" time="61.543" errors="0" timestamp="2024-02-21T11:47:46 IST" skipped="0">
  <testcase classname="com.demowebshop.testscripts.LoginTest" name="TC_Login_001" time="7.467"/>
  <testcase classname="com.demowebshop.testscripts.LoginTest" name="TC_Login_001" time="27.800">
    <system-out>
      <![CDATA[User not logged in]]>
    </system-out>
  </testcase> <!-- TC_Login_001 -->
  <testcase classname="com.demowebshop.testscripts.LoginTest" name="TC_Login_001" time="10.694">
    <system-out>
      <![CDATA[User not logged in]]>
    </system-out>
  </testcase> <!-- TC_Login_001 -->
  <testcase classname="com.demowebshop.testscripts.LoginTest" name="TC_Login_001" time="15.582">
    <system-out>
      <![CDATA[User not logged in]]>
    </system-out>
  </testcase> <!-- TC_Login_001 -->
  <system-out>
    <![CDATA[User not logged in
User not logged in
User not logged in]]>
  </system-out>
</testsuite> <!-- com.demowebshop.testscripts.LoginTest -->
